<?xml version="1.0" encoding="UTF-8"?>
<!-- Generated by org.testng.reporters.JUnitXMLReporter -->
<testsuite hostname="LAPTOP-RT8DVNCG" name="Test" tests="5" failures="0" timestamp="12 Apr 2022 12:27:31 GMT" time="549.202" errors="0">
  <testcase name="Age" time="106.62" classname="dev8ebb.Age"/>
  <testcase name="blankfields" time="97.092" classname="dev8ebb.blankfields"/>
  <testcase name="BP" time="112.431" classname="dev8ebb.BP"/>
  <testcase name="campblank" time="103.28" classname="dev8ebb.campblank"/>
  <testcase name="checkeligibility" time="129.721" classname="dev8ebb.checkeligibility"/>
</testsuite> <!-- Test -->
