<?xml version="1.0" encoding="UTF-8"?>
<testng-results skipped="0" failed="0" total="1" passed="1">
  <reporter-output>
  </reporter-output>
  <suite name="Default suite" duration-ms="141972" started-at="2022-04-08T12:56:19Z" finished-at="2022-04-08T12:58:41Z">
    <groups>
    </groups>
    <test name="Default test" duration-ms="141972" started-at="2022-04-08T12:56:19Z" finished-at="2022-04-08T12:58:41Z">
      <class name="dev8ebb.VerifySerologyDisabled">
        <test-method status="PASS" signature="VerifySerologyDisabled()[pri:0, instance:dev8ebb.VerifySerologyDisabled@1b2abca6]" name="VerifySerologyDisabled" duration-ms="141941" started-at="2022-04-08T18:26:19Z" finished-at="2022-04-08T18:28:41Z">
          <reporter-output>
          </reporter-output>
        </test-method> <!-- VerifySerologyDisabled -->
      </class> <!-- dev8ebb.VerifySerologyDisabled -->
    </test> <!-- Default test -->
  </suite> <!-- Default suite -->
</testng-results>
