<?xml version="1.0" encoding="UTF-8"?>
<testng-results skipped="0" failed="0" total="1" passed="1">
  <reporter-output>
  </reporter-output>
  <suite name="Default suite" duration-ms="57599" started-at="2022-04-08T08:02:54Z" finished-at="2022-04-08T08:03:51Z">
    <groups>
    </groups>
    <test name="Default test" duration-ms="57599" started-at="2022-04-08T08:02:54Z" finished-at="2022-04-08T08:03:51Z">
      <class name="dev8ebb.ClosePatientRequestWithoutCrossmatch">
        <test-method status="PASS" signature="ClosePatientRequestWithoutCrossmatch()[pri:0, instance:dev8ebb.ClosePatientRequestWithoutCrossmatch@1b2abca6]" name="ClosePatientRequestWithoutCrossmatch" duration-ms="57570" started-at="2022-04-08T13:32:54Z" finished-at="2022-04-08T13:33:51Z">
          <reporter-output>
          </reporter-output>
        </test-method> <!-- ClosePatientRequestWithoutCrossmatch -->
      </class> <!-- dev8ebb.ClosePatientRequestWithoutCrossmatch -->
    </test> <!-- Default test -->
  </suite> <!-- Default suite -->
</testng-results>
